[2022-10-18 00:11:53.390 +06:00  INF]  User profile is available. Using 'C:\Users\User\AppData\Local\ASP.NET\DataProtection-Keys' as key repository and Windows DPAPI to encrypt keys at rest.
[2022-10-18 00:11:55.432 +06:00  INF]  Entity Framework Core 6.0.10 initialized 'UserDbContext' using provider 'Microsoft.EntityFrameworkCore.SqlServer:6.0.1' with options: None
[2022-10-18 00:11:58.229 +06:00  ERR]  Failed executing DbCommand (1,500ms) [Parameters=[@__normalizedUserName_0='?' (Size = 256)], CommandType='"Text"', CommandTimeout='30']
SELECT TOP(1) [a].[Id], [a].[AccessFailedCount], [a].[ConcurrencyStamp], [a].[Email], [a].[EmailConfirmed], [a].[LockoutEnabled], [a].[LockoutEnd], [a].[NormalizedEmail], [a].[NormalizedUserName], [a].[PasswordHash], [a].[PhoneNumber], [a].[PhoneNumberConfirmed], [a].[SecurityStamp], [a].[TwoFactorEnabled], [a].[UserName]
FROM [AspNetUsers] AS [a]
WHERE [a].[NormalizedUserName] = @__normalizedUserName_0
[2022-10-18 00:11:58.373 +06:00  ERR]  An exception occurred while iterating over the results of a query for context type 'Ecommerce.API.Context.UserDbContext'.
Microsoft.Data.SqlClient.SqlException (0x80131904): Invalid object name 'AspNetUsers'.
   at Microsoft.Data.SqlClient.SqlCommand.<>c.<ExecuteDbDataReaderAsync>b__188_0(Task`1 result)
   at System.Threading.Tasks.ContinuationResultTaskFromResultTask`2.InnerInvoke()
   at System.Threading.Tasks.Task.<>c.<.cctor>b__272_0(Object obj)
   at System.Threading.ExecutionContext.RunInternal(ExecutionContext executionContext, ContextCallback callback, Object state)
--- End of stack trace from previous location ---
   at System.Threading.ExecutionContext.RunInternal(ExecutionContext executionContext, ContextCallback callback, Object state)
   at System.Threading.Tasks.Task.ExecuteWithThreadLocal(Task& currentTaskSlot, Thread threadPoolThread)
--- End of stack trace from previous location ---
   at Microsoft.EntityFrameworkCore.Storage.RelationalCommand.ExecuteReaderAsync(RelationalCommandParameterObject parameterObject, CancellationToken cancellationToken)
   at Microsoft.EntityFrameworkCore.Storage.RelationalCommand.ExecuteReaderAsync(RelationalCommandParameterObject parameterObject, CancellationToken cancellationToken)
   at Microsoft.EntityFrameworkCore.Query.Internal.SingleQueryingEnumerable`1.AsyncEnumerator.InitializeReaderAsync(AsyncEnumerator enumerator, CancellationToken cancellationToken)
   at Microsoft.EntityFrameworkCore.SqlServer.Storage.Internal.SqlServerExecutionStrategy.ExecuteAsync[TState,TResult](TState state, Func`4 operation, Func`4 verifySucceeded, CancellationToken cancellationToken)
   at Microsoft.EntityFrameworkCore.Query.Internal.SingleQueryingEnumerable`1.AsyncEnumerator.MoveNextAsync()
ClientConnectionId:449a1019-b19e-426d-bd55-c3628df8e18b
Error Number:208,State:1,Class:16
Microsoft.Data.SqlClient.SqlException (0x80131904): Invalid object name 'AspNetUsers'.
   at Microsoft.Data.SqlClient.SqlCommand.<>c.<ExecuteDbDataReaderAsync>b__188_0(Task`1 result)
   at System.Threading.Tasks.ContinuationResultTaskFromResultTask`2.InnerInvoke()
   at System.Threading.Tasks.Task.<>c.<.cctor>b__272_0(Object obj)
   at System.Threading.ExecutionContext.RunInternal(ExecutionContext executionContext, ContextCallback callback, Object state)
--- End of stack trace from previous location ---
   at System.Threading.ExecutionContext.RunInternal(ExecutionContext executionContext, ContextCallback callback, Object state)
   at System.Threading.Tasks.Task.ExecuteWithThreadLocal(Task& currentTaskSlot, Thread threadPoolThread)
--- End of stack trace from previous location ---
   at Microsoft.EntityFrameworkCore.Storage.RelationalCommand.ExecuteReaderAsync(RelationalCommandParameterObject parameterObject, CancellationToken cancellationToken)
   at Microsoft.EntityFrameworkCore.Storage.RelationalCommand.ExecuteReaderAsync(RelationalCommandParameterObject parameterObject, CancellationToken cancellationToken)
   at Microsoft.EntityFrameworkCore.Query.Internal.SingleQueryingEnumerable`1.AsyncEnumerator.InitializeReaderAsync(AsyncEnumerator enumerator, CancellationToken cancellationToken)
   at Microsoft.EntityFrameworkCore.SqlServer.Storage.Internal.SqlServerExecutionStrategy.ExecuteAsync[TState,TResult](TState state, Func`4 operation, Func`4 verifySucceeded, CancellationToken cancellationToken)
   at Microsoft.EntityFrameworkCore.Query.Internal.SingleQueryingEnumerable`1.AsyncEnumerator.MoveNextAsync()
ClientConnectionId:449a1019-b19e-426d-bd55-c3628df8e18b
Error Number:208,State:1,Class:16
[2022-10-18 00:12:14.819 +06:00  INF]  User profile is available. Using 'C:\Users\User\AppData\Local\ASP.NET\DataProtection-Keys' as key repository and Windows DPAPI to encrypt keys at rest.
[2022-10-18 00:12:16.363 +06:00  INF]  Entity Framework Core 6.0.10 initialized 'UserDbContext' using provider 'Microsoft.EntityFrameworkCore.SqlServer:6.0.1' with options: None
[2022-10-18 00:12:18.101 +06:00  ERR]  Failed executing DbCommand (889ms) [Parameters=[@__normalizedUserName_0='?' (Size = 256)], CommandType='"Text"', CommandTimeout='30']
SELECT TOP(1) [a].[Id], [a].[AccessFailedCount], [a].[ConcurrencyStamp], [a].[Email], [a].[EmailConfirmed], [a].[LockoutEnabled], [a].[LockoutEnd], [a].[NormalizedEmail], [a].[NormalizedUserName], [a].[PasswordHash], [a].[PhoneNumber], [a].[PhoneNumberConfirmed], [a].[SecurityStamp], [a].[TwoFactorEnabled], [a].[UserName]
FROM [AspNetUsers] AS [a]
WHERE [a].[NormalizedUserName] = @__normalizedUserName_0
[2022-10-18 00:12:18.215 +06:00  ERR]  An exception occurred while iterating over the results of a query for context type 'Ecommerce.API.Context.UserDbContext'.
Microsoft.Data.SqlClient.SqlException (0x80131904): Invalid object name 'AspNetUsers'.
   at Microsoft.Data.SqlClient.SqlCommand.<>c.<ExecuteDbDataReaderAsync>b__188_0(Task`1 result)
   at System.Threading.Tasks.ContinuationResultTaskFromResultTask`2.InnerInvoke()
   at System.Threading.Tasks.Task.<>c.<.cctor>b__272_0(Object obj)
   at System.Threading.ExecutionContext.RunInternal(ExecutionContext executionContext, ContextCallback callback, Object state)
--- End of stack trace from previous location ---
   at System.Threading.ExecutionContext.RunInternal(ExecutionContext executionContext, ContextCallback callback, Object state)
   at System.Threading.Tasks.Task.ExecuteWithThreadLocal(Task& currentTaskSlot, Thread threadPoolThread)
--- End of stack trace from previous location ---
   at Microsoft.EntityFrameworkCore.Storage.RelationalCommand.ExecuteReaderAsync(RelationalCommandParameterObject parameterObject, CancellationToken cancellationToken)
   at Microsoft.EntityFrameworkCore.Storage.RelationalCommand.ExecuteReaderAsync(RelationalCommandParameterObject parameterObject, CancellationToken cancellationToken)
   at Microsoft.EntityFrameworkCore.Query.Internal.SingleQueryingEnumerable`1.AsyncEnumerator.InitializeReaderAsync(AsyncEnumerator enumerator, CancellationToken cancellationToken)
   at Microsoft.EntityFrameworkCore.SqlServer.Storage.Internal.SqlServerExecutionStrategy.ExecuteAsync[TState,TResult](TState state, Func`4 operation, Func`4 verifySucceeded, CancellationToken cancellationToken)
   at Microsoft.EntityFrameworkCore.Query.Internal.SingleQueryingEnumerable`1.AsyncEnumerator.MoveNextAsync()
ClientConnectionId:df2f56b9-ab0c-489a-9ed8-92225191620b
Error Number:208,State:1,Class:16
Microsoft.Data.SqlClient.SqlException (0x80131904): Invalid object name 'AspNetUsers'.
   at Microsoft.Data.SqlClient.SqlCommand.<>c.<ExecuteDbDataReaderAsync>b__188_0(Task`1 result)
   at System.Threading.Tasks.ContinuationResultTaskFromResultTask`2.InnerInvoke()
   at System.Threading.Tasks.Task.<>c.<.cctor>b__272_0(Object obj)
   at System.Threading.ExecutionContext.RunInternal(ExecutionContext executionContext, ContextCallback callback, Object state)
--- End of stack trace from previous location ---
   at System.Threading.ExecutionContext.RunInternal(ExecutionContext executionContext, ContextCallback callback, Object state)
   at System.Threading.Tasks.Task.ExecuteWithThreadLocal(Task& currentTaskSlot, Thread threadPoolThread)
--- End of stack trace from previous location ---
   at Microsoft.EntityFrameworkCore.Storage.RelationalCommand.ExecuteReaderAsync(RelationalCommandParameterObject parameterObject, CancellationToken cancellationToken)
   at Microsoft.EntityFrameworkCore.Storage.RelationalCommand.ExecuteReaderAsync(RelationalCommandParameterObject parameterObject, CancellationToken cancellationToken)
   at Microsoft.EntityFrameworkCore.Query.Internal.SingleQueryingEnumerable`1.AsyncEnumerator.InitializeReaderAsync(AsyncEnumerator enumerator, CancellationToken cancellationToken)
   at Microsoft.EntityFrameworkCore.SqlServer.Storage.Internal.SqlServerExecutionStrategy.ExecuteAsync[TState,TResult](TState state, Func`4 operation, Func`4 verifySucceeded, CancellationToken cancellationToken)
   at Microsoft.EntityFrameworkCore.Query.Internal.SingleQueryingEnumerable`1.AsyncEnumerator.MoveNextAsync()
ClientConnectionId:df2f56b9-ab0c-489a-9ed8-92225191620b
Error Number:208,State:1,Class:16
[2022-10-18 00:12:38.040 +06:00  INF]  Entity Framework Core 6.0.10 initialized 'UserDbContext' using provider 'Microsoft.EntityFrameworkCore.SqlServer:6.0.1' with options: None
[2022-10-18 00:12:38.519 +06:00  INF]  Executed DbCommand (21ms) [Parameters=[], CommandType='"Text"', CommandTimeout='30']
SELECT 1
[2022-10-18 00:12:38.558 +06:00  INF]  Executed DbCommand (25ms) [Parameters=[], CommandType='"Text"', CommandTimeout='30']
SELECT OBJECT_ID(N'[__EFMigrationsHistory]');
[2022-10-18 00:12:38.561 +06:00  INF]  Executed DbCommand (2ms) [Parameters=[], CommandType='"Text"', CommandTimeout='30']
SELECT 1
[2022-10-18 00:12:39.128 +06:00  INF]  Executed DbCommand (408ms) [Parameters=[], CommandType='"Text"', CommandTimeout='30']
CREATE TABLE [__EFMigrationsHistory] (
    [MigrationId] nvarchar(150) NOT NULL,
    [ProductVersion] nvarchar(32) NOT NULL,
    CONSTRAINT [PK___EFMigrationsHistory] PRIMARY KEY ([MigrationId])
);
[2022-10-18 00:12:39.131 +06:00  INF]  Executed DbCommand (1ms) [Parameters=[], CommandType='"Text"', CommandTimeout='30']
SELECT 1
[2022-10-18 00:12:39.136 +06:00  INF]  Executed DbCommand (5ms) [Parameters=[], CommandType='"Text"', CommandTimeout='30']
SELECT OBJECT_ID(N'[__EFMigrationsHistory]');
[2022-10-18 00:12:39.147 +06:00  INF]  Executed DbCommand (9ms) [Parameters=[], CommandType='"Text"', CommandTimeout='30']
SELECT [MigrationId], [ProductVersion]
FROM [__EFMigrationsHistory]
ORDER BY [MigrationId];
[2022-10-18 00:12:39.169 +06:00  INF]  Applying migration '20221017172936_UserTables'.
[2022-10-18 00:12:39.332 +06:00  INF]  Executed DbCommand (97ms) [Parameters=[], CommandType='"Text"', CommandTimeout='30']
CREATE TABLE [AspNetRoles] (
    [Id] nvarchar(450) NOT NULL,
    [Name] nvarchar(256) NULL,
    [NormalizedName] nvarchar(256) NULL,
    [ConcurrencyStamp] nvarchar(max) NULL,
    CONSTRAINT [PK_AspNetRoles] PRIMARY KEY ([Id])
);
[2022-10-18 00:12:39.339 +06:00  INF]  Executed DbCommand (7ms) [Parameters=[], CommandType='"Text"', CommandTimeout='30']
CREATE TABLE [AspNetUsers] (
    [Id] nvarchar(450) NOT NULL,
    [UserName] nvarchar(256) NULL,
    [NormalizedUserName] nvarchar(256) NULL,
    [Email] nvarchar(256) NULL,
    [NormalizedEmail] nvarchar(256) NULL,
    [EmailConfirmed] bit NOT NULL,
    [PasswordHash] nvarchar(max) NULL,
    [SecurityStamp] nvarchar(max) NULL,
    [ConcurrencyStamp] nvarchar(max) NULL,
    [PhoneNumber] nvarchar(max) NULL,
    [PhoneNumberConfirmed] bit NOT NULL,
    [TwoFactorEnabled] bit NOT NULL,
    [LockoutEnd] datetimeoffset NULL,
    [LockoutEnabled] bit NOT NULL,
    [AccessFailedCount] int NOT NULL,
    CONSTRAINT [PK_AspNetUsers] PRIMARY KEY ([Id])
);
[2022-10-18 00:12:39.393 +06:00  INF]  Executed DbCommand (54ms) [Parameters=[], CommandType='"Text"', CommandTimeout='30']
CREATE TABLE [AspNetRoleClaims] (
    [Id] int NOT NULL IDENTITY,
    [RoleId] nvarchar(450) NOT NULL,
    [ClaimType] nvarchar(max) NULL,
    [ClaimValue] nvarchar(max) NULL,
    CONSTRAINT [PK_AspNetRoleClaims] PRIMARY KEY ([Id]),
    CONSTRAINT [FK_AspNetRoleClaims_AspNetRoles_RoleId] FOREIGN KEY ([RoleId]) REFERENCES [AspNetRoles] ([Id]) ON DELETE CASCADE
);
[2022-10-18 00:12:39.400 +06:00  INF]  Executed DbCommand (6ms) [Parameters=[], CommandType='"Text"', CommandTimeout='30']
CREATE TABLE [AspNetUserClaims] (
    [Id] int NOT NULL IDENTITY,
    [UserId] nvarchar(450) NOT NULL,
    [ClaimType] nvarchar(max) NULL,
    [ClaimValue] nvarchar(max) NULL,
    CONSTRAINT [PK_AspNetUserClaims] PRIMARY KEY ([Id]),
    CONSTRAINT [FK_AspNetUserClaims_AspNetUsers_UserId] FOREIGN KEY ([UserId]) REFERENCES [AspNetUsers] ([Id]) ON DELETE CASCADE
);
[2022-10-18 00:12:39.413 +06:00  INF]  Executed DbCommand (14ms) [Parameters=[], CommandType='"Text"', CommandTimeout='30']
CREATE TABLE [AspNetUserLogins] (
    [LoginProvider] nvarchar(450) NOT NULL,
    [ProviderKey] nvarchar(450) NOT NULL,
    [ProviderDisplayName] nvarchar(max) NULL,
    [UserId] nvarchar(450) NOT NULL,
    CONSTRAINT [PK_AspNetUserLogins] PRIMARY KEY ([LoginProvider], [ProviderKey]),
    CONSTRAINT [FK_AspNetUserLogins_AspNetUsers_UserId] FOREIGN KEY ([UserId]) REFERENCES [AspNetUsers] ([Id]) ON DELETE CASCADE
);
[2022-10-18 00:12:39.421 +06:00  INF]  Executed DbCommand (7ms) [Parameters=[], CommandType='"Text"', CommandTimeout='30']
CREATE TABLE [AspNetUserRoles] (
    [UserId] nvarchar(450) NOT NULL,
    [RoleId] nvarchar(450) NOT NULL,
    CONSTRAINT [PK_AspNetUserRoles] PRIMARY KEY ([UserId], [RoleId]),
    CONSTRAINT [FK_AspNetUserRoles_AspNetRoles_RoleId] FOREIGN KEY ([RoleId]) REFERENCES [AspNetRoles] ([Id]) ON DELETE CASCADE,
    CONSTRAINT [FK_AspNetUserRoles_AspNetUsers_UserId] FOREIGN KEY ([UserId]) REFERENCES [AspNetUsers] ([Id]) ON DELETE CASCADE
);
[2022-10-18 00:12:39.428 +06:00  INF]  Executed DbCommand (7ms) [Parameters=[], CommandType='"Text"', CommandTimeout='30']
CREATE TABLE [AspNetUserTokens] (
    [UserId] nvarchar(450) NOT NULL,
    [LoginProvider] nvarchar(450) NOT NULL,
    [Name] nvarchar(450) NOT NULL,
    [Value] nvarchar(max) NULL,
    CONSTRAINT [PK_AspNetUserTokens] PRIMARY KEY ([UserId], [LoginProvider], [Name]),
    CONSTRAINT [FK_AspNetUserTokens_AspNetUsers_UserId] FOREIGN KEY ([UserId]) REFERENCES [AspNetUsers] ([Id]) ON DELETE CASCADE
);
[2022-10-18 00:12:39.455 +06:00  INF]  Executed DbCommand (27ms) [Parameters=[], CommandType='"Text"', CommandTimeout='30']
CREATE INDEX [IX_AspNetRoleClaims_RoleId] ON [AspNetRoleClaims] ([RoleId]);
[2022-10-18 00:12:39.485 +06:00  INF]  Executed DbCommand (30ms) [Parameters=[], CommandType='"Text"', CommandTimeout='30']
CREATE UNIQUE INDEX [RoleNameIndex] ON [AspNetRoles] ([NormalizedName]) WHERE [NormalizedName] IS NOT NULL;
[2022-10-18 00:12:39.487 +06:00  INF]  Executed DbCommand (2ms) [Parameters=[], CommandType='"Text"', CommandTimeout='30']
CREATE INDEX [IX_AspNetUserClaims_UserId] ON [AspNetUserClaims] ([UserId]);
[2022-10-18 00:12:39.489 +06:00  INF]  Executed DbCommand (2ms) [Parameters=[], CommandType='"Text"', CommandTimeout='30']
CREATE INDEX [IX_AspNetUserLogins_UserId] ON [AspNetUserLogins] ([UserId]);
[2022-10-18 00:12:39.491 +06:00  INF]  Executed DbCommand (2ms) [Parameters=[], CommandType='"Text"', CommandTimeout='30']
CREATE INDEX [IX_AspNetUserRoles_RoleId] ON [AspNetUserRoles] ([RoleId]);
[2022-10-18 00:12:39.493 +06:00  INF]  Executed DbCommand (2ms) [Parameters=[], CommandType='"Text"', CommandTimeout='30']
CREATE INDEX [EmailIndex] ON [AspNetUsers] ([NormalizedEmail]);
[2022-10-18 00:12:39.495 +06:00  INF]  Executed DbCommand (2ms) [Parameters=[], CommandType='"Text"', CommandTimeout='30']
CREATE UNIQUE INDEX [UserNameIndex] ON [AspNetUsers] ([NormalizedUserName]) WHERE [NormalizedUserName] IS NOT NULL;
[2022-10-18 00:12:39.564 +06:00  INF]  Executed DbCommand (68ms) [Parameters=[], CommandType='"Text"', CommandTimeout='30']
INSERT INTO [__EFMigrationsHistory] ([MigrationId], [ProductVersion])
VALUES (N'20221017172936_UserTables', N'6.0.10');
[2022-10-18 00:14:19.235 +06:00  INF]  User profile is available. Using 'C:\Users\User\AppData\Local\ASP.NET\DataProtection-Keys' as key repository and Windows DPAPI to encrypt keys at rest.
[2022-10-18 00:14:20.881 +06:00  INF]  Entity Framework Core 6.0.10 initialized 'UserDbContext' using provider 'Microsoft.EntityFrameworkCore.SqlServer:6.0.1' with options: None
[2022-10-18 00:14:22.675 +06:00  INF]  Executed DbCommand (172ms) [Parameters=[@__normalizedUserName_0='?' (Size = 256)], CommandType='"Text"', CommandTimeout='30']
SELECT TOP(1) [a].[Id], [a].[AccessFailedCount], [a].[ConcurrencyStamp], [a].[Email], [a].[EmailConfirmed], [a].[LockoutEnabled], [a].[LockoutEnd], [a].[NormalizedEmail], [a].[NormalizedUserName], [a].[PasswordHash], [a].[PhoneNumber], [a].[PhoneNumberConfirmed], [a].[SecurityStamp], [a].[TwoFactorEnabled], [a].[UserName]
FROM [AspNetUsers] AS [a]
WHERE [a].[NormalizedUserName] = @__normalizedUserName_0
[2022-10-18 00:14:22.817 +06:00  INF]  Executed DbCommand (10ms) [Parameters=[@__normalizedUserName_0='?' (Size = 256)], CommandType='"Text"', CommandTimeout='30']
SELECT TOP(1) [a].[Id], [a].[AccessFailedCount], [a].[ConcurrencyStamp], [a].[Email], [a].[EmailConfirmed], [a].[LockoutEnabled], [a].[LockoutEnd], [a].[NormalizedEmail], [a].[NormalizedUserName], [a].[PasswordHash], [a].[PhoneNumber], [a].[PhoneNumberConfirmed], [a].[SecurityStamp], [a].[TwoFactorEnabled], [a].[UserName]
FROM [AspNetUsers] AS [a]
WHERE [a].[NormalizedUserName] = @__normalizedUserName_0
[2022-10-18 00:14:23.673 +06:00  INF]  Executed DbCommand (144ms) [Parameters=[@p0='?' (Size = 450), @p1='?' (DbType = Int32), @p2='?' (Size = 4000), @p3='?' (Size = 256), @p4='?' (DbType = Boolean), @p5='?' (DbType = Boolean), @p6='?' (DbType = DateTimeOffset), @p7='?' (Size = 256), @p8='?' (Size = 256), @p9='?' (Size = 4000), @p10='?' (Size = 4000), @p11='?' (DbType = Boolean), @p12='?' (Size = 4000), @p13='?' (DbType = Boolean), @p14='?' (Size = 256)], CommandType='"Text"', CommandTimeout='30']
SET NOCOUNT ON;
INSERT INTO [AspNetUsers] ([Id], [AccessFailedCount], [ConcurrencyStamp], [Email], [EmailConfirmed], [LockoutEnabled], [LockoutEnd], [NormalizedEmail], [NormalizedUserName], [PasswordHash], [PhoneNumber], [PhoneNumberConfirmed], [SecurityStamp], [TwoFactorEnabled], [UserName])
VALUES (@p0, @p1, @p2, @p3, @p4, @p5, @p6, @p7, @p8, @p9, @p10, @p11, @p12, @p13, @p14);
[2022-10-18 00:14:23.757 +06:00  INF]  Executed DbCommand (6ms) [Parameters=[@__normalizedName_0='?' (Size = 256)], CommandType='"Text"', CommandTimeout='30']
SELECT TOP(1) [a].[Id], [a].[ConcurrencyStamp], [a].[Name], [a].[NormalizedName]
FROM [AspNetRoles] AS [a]
WHERE [a].[NormalizedName] = @__normalizedName_0
[2022-10-18 00:14:23.771 +06:00  INF]  Executed DbCommand (4ms) [Parameters=[@__normalizedName_0='?' (Size = 256)], CommandType='"Text"', CommandTimeout='30']
SELECT TOP(1) [a].[Id], [a].[ConcurrencyStamp], [a].[Name], [a].[NormalizedName]
FROM [AspNetRoles] AS [a]
WHERE [a].[NormalizedName] = @__normalizedName_0
[2022-10-18 00:14:23.900 +06:00  INF]  Executed DbCommand (71ms) [Parameters=[@p0='?' (Size = 450), @p1='?' (Size = 4000), @p2='?' (Size = 256), @p3='?' (Size = 256)], CommandType='"Text"', CommandTimeout='30']
SET NOCOUNT ON;
INSERT INTO [AspNetRoles] ([Id], [ConcurrencyStamp], [Name], [NormalizedName])
VALUES (@p0, @p1, @p2, @p3);
[2022-10-18 00:14:23.930 +06:00  INF]  Executed DbCommand (25ms) [Parameters=[@__normalizedName_0='?' (Size = 256)], CommandType='"Text"', CommandTimeout='30']
SELECT TOP(1) [a].[Id], [a].[ConcurrencyStamp], [a].[Name], [a].[NormalizedName]
FROM [AspNetRoles] AS [a]
WHERE [a].[NormalizedName] = @__normalizedName_0
[2022-10-18 00:14:23.932 +06:00  INF]  Executed DbCommand (1ms) [Parameters=[@__normalizedName_0='?' (Size = 256)], CommandType='"Text"', CommandTimeout='30']
SELECT TOP(1) [a].[Id], [a].[ConcurrencyStamp], [a].[Name], [a].[NormalizedName]
FROM [AspNetRoles] AS [a]
WHERE [a].[NormalizedName] = @__normalizedName_0
[2022-10-18 00:14:23.934 +06:00  INF]  Executed DbCommand (1ms) [Parameters=[@p0='?' (Size = 450), @p1='?' (Size = 4000), @p2='?' (Size = 256), @p3='?' (Size = 256)], CommandType='"Text"', CommandTimeout='30']
SET NOCOUNT ON;
INSERT INTO [AspNetRoles] ([Id], [ConcurrencyStamp], [Name], [NormalizedName])
VALUES (@p0, @p1, @p2, @p3);
[2022-10-18 00:14:23.937 +06:00  INF]  Executed DbCommand (1ms) [Parameters=[@__normalizedName_0='?' (Size = 256)], CommandType='"Text"', CommandTimeout='30']
SELECT TOP(1) [a].[Id], [a].[ConcurrencyStamp], [a].[Name], [a].[NormalizedName]
FROM [AspNetRoles] AS [a]
WHERE [a].[NormalizedName] = @__normalizedName_0
[2022-10-18 00:14:23.974 +06:00  INF]  Executed DbCommand (3ms) [Parameters=[@__normalizedRoleName_0='?' (Size = 256)], CommandType='"Text"', CommandTimeout='30']
SELECT TOP(2) [a].[Id], [a].[ConcurrencyStamp], [a].[Name], [a].[NormalizedName]
FROM [AspNetRoles] AS [a]
WHERE [a].[NormalizedName] = @__normalizedRoleName_0
[2022-10-18 00:14:24.033 +06:00  INF]  Executed DbCommand (4ms) [Parameters=[@__p_0='?' (Size = 450), @__p_1='?' (Size = 450)], CommandType='"Text"', CommandTimeout='30']
SELECT TOP(1) [a].[UserId], [a].[RoleId]
FROM [AspNetUserRoles] AS [a]
WHERE ([a].[UserId] = @__p_0) AND ([a].[RoleId] = @__p_1)
[2022-10-18 00:14:24.043 +06:00  INF]  Executed DbCommand (3ms) [Parameters=[@__normalizedRoleName_0='?' (Size = 256)], CommandType='"Text"', CommandTimeout='30']
SELECT TOP(2) [a].[Id], [a].[ConcurrencyStamp], [a].[Name], [a].[NormalizedName]
FROM [AspNetRoles] AS [a]
WHERE [a].[NormalizedName] = @__normalizedRoleName_0
[2022-10-18 00:14:24.080 +06:00  INF]  Executed DbCommand (8ms) [Parameters=[@__normalizedUserName_0='?' (Size = 256)], CommandType='"Text"', CommandTimeout='30']
SELECT TOP(1) [a].[Id], [a].[AccessFailedCount], [a].[ConcurrencyStamp], [a].[Email], [a].[EmailConfirmed], [a].[LockoutEnabled], [a].[LockoutEnd], [a].[NormalizedEmail], [a].[NormalizedUserName], [a].[PasswordHash], [a].[PhoneNumber], [a].[PhoneNumberConfirmed], [a].[SecurityStamp], [a].[TwoFactorEnabled], [a].[UserName]
FROM [AspNetUsers] AS [a]
WHERE [a].[NormalizedUserName] = @__normalizedUserName_0
[2022-10-18 00:14:24.181 +06:00  INF]  Executed DbCommand (71ms) [Parameters=[@p0='?' (Size = 450), @p1='?' (Size = 450)], CommandType='"Text"', CommandTimeout='30']
SET NOCOUNT ON;
INSERT INTO [AspNetUserRoles] ([RoleId], [UserId])
VALUES (@p0, @p1);
[2022-10-18 00:14:24.207 +06:00  INF]  Executed DbCommand (16ms) [Parameters=[@p14='?' (Size = 450), @p0='?' (DbType = Int32), @p1='?' (Size = 4000), @p15='?' (Size = 4000), @p2='?' (Size = 256), @p3='?' (DbType = Boolean), @p4='?' (DbType = Boolean), @p5='?' (DbType = DateTimeOffset), @p6='?' (Size = 256), @p7='?' (Size = 256), @p8='?' (Size = 4000), @p9='?' (Size = 4000), @p10='?' (DbType = Boolean), @p11='?' (Size = 4000), @p12='?' (DbType = Boolean), @p13='?' (Size = 256)], CommandType='"Text"', CommandTimeout='30']
SET NOCOUNT ON;
UPDATE [AspNetUsers] SET [AccessFailedCount] = @p0, [ConcurrencyStamp] = @p1, [Email] = @p2, [EmailConfirmed] = @p3, [LockoutEnabled] = @p4, [LockoutEnd] = @p5, [NormalizedEmail] = @p6, [NormalizedUserName] = @p7, [PasswordHash] = @p8, [PhoneNumber] = @p9, [PhoneNumberConfirmed] = @p10, [SecurityStamp] = @p11, [TwoFactorEnabled] = @p12, [UserName] = @p13
WHERE [Id] = @p14 AND [ConcurrencyStamp] = @p15;
SELECT @@ROWCOUNT;
[2022-10-18 00:14:24.221 +06:00  INF]  Executed DbCommand (4ms) [Parameters=[@__normalizedName_0='?' (Size = 256)], CommandType='"Text"', CommandTimeout='30']
SELECT TOP(1) [a].[Id], [a].[ConcurrencyStamp], [a].[Name], [a].[NormalizedName]
FROM [AspNetRoles] AS [a]
WHERE [a].[NormalizedName] = @__normalizedName_0
[2022-10-18 00:14:24.224 +06:00  INF]  Executed DbCommand (3ms) [Parameters=[@__normalizedRoleName_0='?' (Size = 256)], CommandType='"Text"', CommandTimeout='30']
SELECT TOP(2) [a].[Id], [a].[ConcurrencyStamp], [a].[Name], [a].[NormalizedName]
FROM [AspNetRoles] AS [a]
WHERE [a].[NormalizedName] = @__normalizedRoleName_0
[2022-10-18 00:14:24.230 +06:00  INF]  Executed DbCommand (2ms) [Parameters=[@__p_0='?' (Size = 450), @__p_1='?' (Size = 450)], CommandType='"Text"', CommandTimeout='30']
SELECT TOP(1) [a].[UserId], [a].[RoleId]
FROM [AspNetUserRoles] AS [a]
WHERE ([a].[UserId] = @__p_0) AND ([a].[RoleId] = @__p_1)
[2022-10-18 00:14:24.233 +06:00  INF]  Executed DbCommand (3ms) [Parameters=[@__normalizedRoleName_0='?' (Size = 256)], CommandType='"Text"', CommandTimeout='30']
SELECT TOP(2) [a].[Id], [a].[ConcurrencyStamp], [a].[Name], [a].[NormalizedName]
FROM [AspNetRoles] AS [a]
WHERE [a].[NormalizedName] = @__normalizedRoleName_0
[2022-10-18 00:14:24.237 +06:00  INF]  Executed DbCommand (3ms) [Parameters=[@__normalizedUserName_0='?' (Size = 256)], CommandType='"Text"', CommandTimeout='30']
SELECT TOP(1) [a].[Id], [a].[AccessFailedCount], [a].[ConcurrencyStamp], [a].[Email], [a].[EmailConfirmed], [a].[LockoutEnabled], [a].[LockoutEnd], [a].[NormalizedEmail], [a].[NormalizedUserName], [a].[PasswordHash], [a].[PhoneNumber], [a].[PhoneNumberConfirmed], [a].[SecurityStamp], [a].[TwoFactorEnabled], [a].[UserName]
FROM [AspNetUsers] AS [a]
WHERE [a].[NormalizedUserName] = @__normalizedUserName_0
[2022-10-18 00:14:24.244 +06:00  INF]  Executed DbCommand (5ms) [Parameters=[@p0='?' (Size = 450), @p1='?' (Size = 450)], CommandType='"Text"', CommandTimeout='30']
SET NOCOUNT ON;
INSERT INTO [AspNetUserRoles] ([RoleId], [UserId])
VALUES (@p0, @p1);
[2022-10-18 00:14:24.251 +06:00  INF]  Executed DbCommand (7ms) [Parameters=[@p14='?' (Size = 450), @p0='?' (DbType = Int32), @p1='?' (Size = 4000), @p15='?' (Size = 4000), @p2='?' (Size = 256), @p3='?' (DbType = Boolean), @p4='?' (DbType = Boolean), @p5='?' (DbType = DateTimeOffset), @p6='?' (Size = 256), @p7='?' (Size = 256), @p8='?' (Size = 4000), @p9='?' (Size = 4000), @p10='?' (DbType = Boolean), @p11='?' (Size = 4000), @p12='?' (DbType = Boolean), @p13='?' (Size = 256)], CommandType='"Text"', CommandTimeout='30']
SET NOCOUNT ON;
UPDATE [AspNetUsers] SET [AccessFailedCount] = @p0, [ConcurrencyStamp] = @p1, [Email] = @p2, [EmailConfirmed] = @p3, [LockoutEnabled] = @p4, [LockoutEnd] = @p5, [NormalizedEmail] = @p6, [NormalizedUserName] = @p7, [PasswordHash] = @p8, [PhoneNumber] = @p9, [PhoneNumberConfirmed] = @p10, [SecurityStamp] = @p11, [TwoFactorEnabled] = @p12, [UserName] = @p13
WHERE [Id] = @p14 AND [ConcurrencyStamp] = @p15;
SELECT @@ROWCOUNT;
[2022-10-18 00:14:25.004 +06:00  INF]  Now listening on: https://localhost:7137
[2022-10-18 00:14:25.004 +06:00  INF]  Now listening on: http://localhost:5137
[2022-10-18 00:14:25.005 +06:00  INF]  Application started. Press Ctrl+C to shut down.
[2022-10-18 00:14:25.005 +06:00  INF]  Hosting environment: Development
[2022-10-18 00:14:25.005 +06:00  INF]  Content root path: D:\Ecommerce\Ecommerce\Ecommerce.API\
[2022-10-18 00:14:28.228 +06:00  INF]  Request starting HTTP/2 GET https://localhost:7137/swagger/index.html - -
[2022-10-18 00:14:29.364 +06:00  INF]  Request starting HTTP/2 GET https://localhost:7137/_framework/aspnetcore-browser-refresh.js - -
[2022-10-18 00:14:29.382 +06:00  INF]  Request finished HTTP/2 GET https://localhost:7137/_framework/aspnetcore-browser-refresh.js - - - 200 11996 application/javascript;+charset=utf-8 15.7659ms
[2022-10-18 00:14:29.400 +06:00  INF]  Request finished HTTP/2 GET https://localhost:7137/swagger/index.html - - - 200 - text/html;charset=utf-8 1178.9718ms
[2022-10-18 00:14:30.791 +06:00  INF]  Request starting HTTP/2 GET https://localhost:7137/swagger/v1/swagger.json - -
[2022-10-18 00:14:31.053 +06:00  INF]  Request finished HTTP/2 GET https://localhost:7137/swagger/v1/swagger.json - - - 200 - application/json;charset=utf-8 261.1288ms
[2022-10-18 00:19:38.212 +06:00  INF]  Request starting HTTP/2 POST https://localhost:7137/api/LogIn application/json 50
[2022-10-18 00:19:38.282 +06:00  INF]  CORS policy execution successful.
[2022-10-18 00:19:39.357 +06:00  INF]  Executing endpoint 'Ecommerce.API.Controllers.LogInController.LogIn (Ecommerce.API)'
[2022-10-18 00:19:39.441 +06:00  INF]  Route matched with {action = "LogIn", controller = "LogIn"}. Executing controller action with signature System.Threading.Tasks.Task`1[Microsoft.AspNetCore.Mvc.IActionResult] LogIn(Ecommerce.API.Models.LoginModel) on controller Ecommerce.API.Controllers.LogInController (Ecommerce.API).
[2022-10-18 00:19:56.630 +06:00  INF]  Entity Framework Core 6.0.10 initialized 'UserDbContext' using provider 'Microsoft.EntityFrameworkCore.SqlServer:6.0.1' with options: None
[2022-10-18 00:19:56.727 +06:00  INF]  Executed DbCommand (36ms) [Parameters=[@__normalizedUserName_0='?' (Size = 256)], CommandType='"Text"', CommandTimeout='30']
SELECT TOP(1) [a].[Id], [a].[AccessFailedCount], [a].[ConcurrencyStamp], [a].[Email], [a].[EmailConfirmed], [a].[LockoutEnabled], [a].[LockoutEnd], [a].[NormalizedEmail], [a].[NormalizedUserName], [a].[PasswordHash], [a].[PhoneNumber], [a].[PhoneNumberConfirmed], [a].[SecurityStamp], [a].[TwoFactorEnabled], [a].[UserName]
FROM [AspNetUsers] AS [a]
WHERE [a].[NormalizedUserName] = @__normalizedUserName_0
[2022-10-18 00:20:01.253 +06:00  INF]  Executed DbCommand (53ms) [Parameters=[@__userId_0='?' (Size = 450)], CommandType='"Text"', CommandTimeout='30']
SELECT [a0].[Name]
FROM [AspNetUserRoles] AS [a]
INNER JOIN [AspNetRoles] AS [a0] ON [a].[RoleId] = [a0].[Id]
WHERE [a].[UserId] = @__userId_0
[2022-10-18 00:20:58.372 +06:00  INF]  Executing OkObjectResult, writing value of type '<>f__AnonymousType0`2[[System.String, System.Private.CoreLib, Version=6.0.0.0, Culture=neutral, PublicKeyToken=7cec85d7bea7798e],[System.DateTime, System.Private.CoreLib, Version=6.0.0.0, Culture=neutral, PublicKeyToken=7cec85d7bea7798e]]'.
[2022-10-18 00:20:58.511 +06:00  INF]  Executed action Ecommerce.API.Controllers.LogInController.LogIn (Ecommerce.API) in 79059.4883ms
[2022-10-18 00:20:58.522 +06:00  INF]  Executed endpoint 'Ecommerce.API.Controllers.LogInController.LogIn (Ecommerce.API)'
[2022-10-18 00:20:58.564 +06:00  INF]  Request finished HTTP/2 POST https://localhost:7137/api/LogIn application/json 50 - 200 - application/json;+charset=utf-8 80360.5950ms
[2022-10-18 00:21:53.443 +06:00  INF]  Request starting HTTP/2 POST https://localhost:7137/api/LogIn application/json 44
[2022-10-18 00:21:53.449 +06:00  INF]  CORS policy execution successful.
[2022-10-18 00:21:53.450 +06:00  INF]  Executing endpoint 'Ecommerce.API.Controllers.LogInController.LogIn (Ecommerce.API)'
[2022-10-18 00:21:53.450 +06:00  INF]  Route matched with {action = "LogIn", controller = "LogIn"}. Executing controller action with signature System.Threading.Tasks.Task`1[Microsoft.AspNetCore.Mvc.IActionResult] LogIn(Ecommerce.API.Models.LoginModel) on controller Ecommerce.API.Controllers.LogInController (Ecommerce.API).
[2022-10-18 00:22:00.427 +06:00  INF]  Entity Framework Core 6.0.10 initialized 'UserDbContext' using provider 'Microsoft.EntityFrameworkCore.SqlServer:6.0.1' with options: None
[2022-10-18 00:22:00.434 +06:00  INF]  Executed DbCommand (4ms) [Parameters=[@__normalizedUserName_0='?' (Size = 256)], CommandType='"Text"', CommandTimeout='30']
SELECT TOP(1) [a].[Id], [a].[AccessFailedCount], [a].[ConcurrencyStamp], [a].[Email], [a].[EmailConfirmed], [a].[LockoutEnabled], [a].[LockoutEnd], [a].[NormalizedEmail], [a].[NormalizedUserName], [a].[PasswordHash], [a].[PhoneNumber], [a].[PhoneNumberConfirmed], [a].[SecurityStamp], [a].[TwoFactorEnabled], [a].[UserName]
FROM [AspNetUsers] AS [a]
WHERE [a].[NormalizedUserName] = @__normalizedUserName_0
[2022-10-18 00:22:00.450 +06:00  WRN]  Invalid password for user.
[2022-10-18 00:22:00.458 +06:00  INF]  Executing ObjectResult, writing value of type 'Microsoft.AspNetCore.Mvc.ProblemDetails'.
[2022-10-18 00:22:00.464 +06:00  INF]  Executed action Ecommerce.API.Controllers.LogInController.LogIn (Ecommerce.API) in 7012.805ms
[2022-10-18 00:22:00.464 +06:00  INF]  Executed endpoint 'Ecommerce.API.Controllers.LogInController.LogIn (Ecommerce.API)'
[2022-10-18 00:22:00.464 +06:00  INF]  Request finished HTTP/2 POST https://localhost:7137/api/LogIn application/json 44 - 401 - application/problem+json;+charset=utf-8 7022.3693ms
[2022-10-18 00:38:00.553 +06:00  INF]  Request starting HTTP/2 POST https://localhost:7137/api/LogIn application/json 44
[2022-10-18 00:38:00.588 +06:00  INF]  CORS policy execution successful.
[2022-10-18 00:38:00.597 +06:00  INF]  Executing endpoint 'Ecommerce.API.Controllers.LogInController.LogIn (Ecommerce.API)'
[2022-10-18 00:38:00.609 +06:00  INF]  Route matched with {action = "LogIn", controller = "LogIn"}. Executing controller action with signature System.Threading.Tasks.Task`1[Microsoft.AspNetCore.Mvc.IActionResult] LogIn(Ecommerce.API.Models.LoginModel) on controller Ecommerce.API.Controllers.LogInController (Ecommerce.API).
[2022-10-18 00:38:12.313 +06:00  INF]  Entity Framework Core 6.0.10 initialized 'UserDbContext' using provider 'Microsoft.EntityFrameworkCore.SqlServer:6.0.1' with options: None
[2022-10-18 00:38:12.740 +06:00  INF]  Executed DbCommand (51ms) [Parameters=[@__normalizedUserName_0='?' (Size = 256)], CommandType='"Text"', CommandTimeout='30']
SELECT TOP(1) [a].[Id], [a].[AccessFailedCount], [a].[ConcurrencyStamp], [a].[Email], [a].[EmailConfirmed], [a].[LockoutEnabled], [a].[LockoutEnd], [a].[NormalizedEmail], [a].[NormalizedUserName], [a].[PasswordHash], [a].[PhoneNumber], [a].[PhoneNumberConfirmed], [a].[SecurityStamp], [a].[TwoFactorEnabled], [a].[UserName]
FROM [AspNetUsers] AS [a]
WHERE [a].[NormalizedUserName] = @__normalizedUserName_0
[2022-10-18 00:38:12.815 +06:00  WRN]  Invalid password for user.
[2022-10-18 00:38:12.824 +06:00  INF]  Executing ObjectResult, writing value of type 'Microsoft.AspNetCore.Mvc.ProblemDetails'.
[2022-10-18 00:38:12.836 +06:00  INF]  Executed action Ecommerce.API.Controllers.LogInController.LogIn (Ecommerce.API) in 12227.4384ms
[2022-10-18 00:38:12.837 +06:00  INF]  Executed endpoint 'Ecommerce.API.Controllers.LogInController.LogIn (Ecommerce.API)'
[2022-10-18 00:38:12.839 +06:00  INF]  Request finished HTTP/2 POST https://localhost:7137/api/LogIn application/json 44 - 401 - application/problem+json;+charset=utf-8 12297.9534ms
[2022-10-18 08:51:13.529 +06:00  INF]  User profile is available. Using 'C:\Users\User\AppData\Local\ASP.NET\DataProtection-Keys' as key repository and Windows DPAPI to encrypt keys at rest.
[2022-10-18 08:51:15.986 +06:00  INF]  Entity Framework Core 6.0.10 initialized 'UserDbContext' using provider 'Microsoft.EntityFrameworkCore.SqlServer:6.0.1' with options: None
[2022-10-18 08:51:18.039 +06:00  INF]  Executed DbCommand (299ms) [Parameters=[@__normalizedUserName_0='?' (Size = 256)], CommandType='"Text"', CommandTimeout='30']
SELECT TOP(1) [a].[Id], [a].[AccessFailedCount], [a].[ConcurrencyStamp], [a].[Email], [a].[EmailConfirmed], [a].[LockoutEnabled], [a].[LockoutEnd], [a].[NormalizedEmail], [a].[NormalizedUserName], [a].[PasswordHash], [a].[PhoneNumber], [a].[PhoneNumberConfirmed], [a].[SecurityStamp], [a].[TwoFactorEnabled], [a].[UserName]
FROM [AspNetUsers] AS [a]
WHERE [a].[NormalizedUserName] = @__normalizedUserName_0
[2022-10-18 08:51:18.982 +06:00  INF]  Now listening on: https://localhost:7137
[2022-10-18 08:51:18.982 +06:00  INF]  Now listening on: http://localhost:5137
[2022-10-18 08:51:18.983 +06:00  INF]  Application started. Press Ctrl+C to shut down.
[2022-10-18 08:51:18.983 +06:00  INF]  Hosting environment: Development
[2022-10-18 08:51:18.983 +06:00  INF]  Content root path: D:\Ecommerce\Ecommerce\Ecommerce.API\
[2022-10-18 08:51:21.104 +06:00  INF]  Request starting HTTP/2 GET https://localhost:7137/swagger/index.html - -
[2022-10-18 08:51:21.854 +06:00  INF]  Request finished HTTP/2 GET https://localhost:7137/swagger/index.html - - - 200 - text/html;charset=utf-8 757.5523ms
[2022-10-18 08:51:21.954 +06:00  INF]  Request starting HTTP/2 GET https://localhost:7137/_framework/aspnetcore-browser-refresh.js - -
[2022-10-18 08:51:21.968 +06:00  INF]  Request finished HTTP/2 GET https://localhost:7137/_framework/aspnetcore-browser-refresh.js - - - 200 11996 application/javascript;+charset=utf-8 13.8261ms
[2022-10-18 08:51:22.753 +06:00  INF]  Request starting HTTP/2 GET https://localhost:7137/swagger/v1/swagger.json - -
[2022-10-18 08:51:23.041 +06:00  INF]  Request finished HTTP/2 GET https://localhost:7137/swagger/v1/swagger.json - - - 200 - application/json;charset=utf-8 287.5844ms
[2022-10-18 08:51:36.174 +06:00  INF]  Request starting HTTP/2 GET https://localhost:7137/api/Products - -
[2022-10-18 08:51:36.323 +06:00  INF]  Executing endpoint 'Ecommerce.API.Controllers.ProductsController.Get (Ecommerce.API)'
[2022-10-18 08:51:36.350 +06:00  INF]  Route matched with {action = "Get", controller = "Products"}. Executing controller action with signature System.Threading.Tasks.Task`1[System.Collections.Generic.List`1[Ecommerce.ServiceLayer.Model.Product]] Get() on controller Ecommerce.API.Controllers.ProductsController (Ecommerce.API).
[2022-10-18 08:51:36.413 +06:00  INF]  Executing ObjectResult, writing value of type 'System.Collections.Generic.List`1[[Ecommerce.ServiceLayer.Model.Product, Ecommerce.ServiceLayer, Version=1.0.0.0, Culture=neutral, PublicKeyToken=null]]'.
[2022-10-18 08:51:36.441 +06:00  INF]  Executed action Ecommerce.API.Controllers.ProductsController.Get (Ecommerce.API) in 82.1345ms
[2022-10-18 08:51:36.442 +06:00  INF]  Executed endpoint 'Ecommerce.API.Controllers.ProductsController.Get (Ecommerce.API)'
[2022-10-18 08:51:36.442 +06:00  INF]  Request finished HTTP/2 GET https://localhost:7137/api/Products - - - 200 - application/json;+charset=utf-8 268.4109ms
[2022-10-18 13:05:16.962 +06:00  INF]  User profile is available. Using 'C:\Users\User\AppData\Local\ASP.NET\DataProtection-Keys' as key repository and Windows DPAPI to encrypt keys at rest.
[2022-10-18 13:05:18.861 +06:00  INF]  Entity Framework Core 6.0.10 initialized 'UserDbContext' using provider 'Microsoft.EntityFrameworkCore.SqlServer:6.0.1' with options: None
[2022-10-18 13:05:20.985 +06:00  INF]  Executed DbCommand (259ms) [Parameters=[@__normalizedUserName_0='?' (Size = 256)], CommandType='"Text"', CommandTimeout='30']
SELECT TOP(1) [a].[Id], [a].[AccessFailedCount], [a].[ConcurrencyStamp], [a].[Email], [a].[EmailConfirmed], [a].[LockoutEnabled], [a].[LockoutEnd], [a].[NormalizedEmail], [a].[NormalizedUserName], [a].[PasswordHash], [a].[PhoneNumber], [a].[PhoneNumberConfirmed], [a].[SecurityStamp], [a].[TwoFactorEnabled], [a].[UserName]
FROM [AspNetUsers] AS [a]
WHERE [a].[NormalizedUserName] = @__normalizedUserName_0
[2022-10-18 13:05:21.869 +06:00  INF]  Now listening on: https://localhost:7137
[2022-10-18 13:05:21.869 +06:00  INF]  Now listening on: http://localhost:5137
[2022-10-18 13:05:21.869 +06:00  INF]  Application started. Press Ctrl+C to shut down.
[2022-10-18 13:05:21.870 +06:00  INF]  Hosting environment: Development
[2022-10-18 13:05:21.870 +06:00  INF]  Content root path: D:\Ecommerce\Ecommerce\Ecommerce.API\
[2022-10-18 13:05:24.504 +06:00  INF]  Request starting HTTP/2 GET https://localhost:7137/swagger/index.html - -
[2022-10-18 13:05:25.668 +06:00  INF]  Request starting HTTP/2 GET https://localhost:7137/_framework/aspnetcore-browser-refresh.js - -
[2022-10-18 13:05:25.679 +06:00  INF]  Request finished HTTP/2 GET https://localhost:7137/swagger/index.html - - - 200 - text/html;charset=utf-8 1183.2662ms
[2022-10-18 13:05:25.680 +06:00  INF]  Request finished HTTP/2 GET https://localhost:7137/_framework/aspnetcore-browser-refresh.js - - - 200 11996 application/javascript;+charset=utf-8 12.2739ms
[2022-10-18 13:05:26.583 +06:00  INF]  Request starting HTTP/2 GET https://localhost:7137/swagger/v1/swagger.json - -
[2022-10-18 13:05:26.832 +06:00  INF]  Request finished HTTP/2 GET https://localhost:7137/swagger/v1/swagger.json - - - 200 - application/json;charset=utf-8 248.3783ms
[2022-10-18 13:05:52.488 +06:00  INF]  Request starting HTTP/2 GET https://localhost:7137/api/Products/2 - -
[2022-10-18 13:05:52.667 +06:00  INF]  Executing endpoint 'Ecommerce.API.Controllers.ProductsController.Get (Ecommerce.API)'
[2022-10-18 13:05:52.717 +06:00  INF]  Route matched with {action = "Get", controller = "Products"}. Executing controller action with signature System.Threading.Tasks.Task`1[Ecommerce.ServiceLayer.Model.Product] Get(Int32) on controller Ecommerce.API.Controllers.ProductsController (Ecommerce.API).
[2022-10-18 13:05:52.822 +06:00  INF]  Executing ObjectResult, writing value of type 'Ecommerce.ServiceLayer.Model.Product'.
[2022-10-18 13:05:52.853 +06:00  INF]  Executed action Ecommerce.API.Controllers.ProductsController.Get (Ecommerce.API) in 125.535ms
[2022-10-18 13:05:52.855 +06:00  INF]  Executed endpoint 'Ecommerce.API.Controllers.ProductsController.Get (Ecommerce.API)'
[2022-10-18 13:05:52.855 +06:00  INF]  Request finished HTTP/2 GET https://localhost:7137/api/Products/2 - - - 200 - application/json;+charset=utf-8 367.2931ms
[2022-10-18 13:06:45.827 +06:00  INF]  Request starting HTTP/2 GET https://localhost:7137/api/Products - -
[2022-10-18 13:06:45.829 +06:00  INF]  Executing endpoint 'Ecommerce.API.Controllers.ProductsController.Get (Ecommerce.API)'
[2022-10-18 13:06:45.833 +06:00  INF]  Route matched with {action = "Get", controller = "Products"}. Executing controller action with signature System.Threading.Tasks.Task`1[System.Collections.Generic.List`1[Ecommerce.ServiceLayer.Model.Product]] Get() on controller Ecommerce.API.Controllers.ProductsController (Ecommerce.API).
[2022-10-18 13:06:45.835 +06:00  INF]  Executing ObjectResult, writing value of type 'System.Collections.Generic.List`1[[Ecommerce.ServiceLayer.Model.Product, Ecommerce.ServiceLayer, Version=1.0.0.0, Culture=neutral, PublicKeyToken=null]]'.
[2022-10-18 13:06:45.836 +06:00  INF]  Executed action Ecommerce.API.Controllers.ProductsController.Get (Ecommerce.API) in 2.1175ms
[2022-10-18 13:06:45.836 +06:00  INF]  Executed endpoint 'Ecommerce.API.Controllers.ProductsController.Get (Ecommerce.API)'
[2022-10-18 13:06:45.836 +06:00  INF]  Request finished HTTP/2 GET https://localhost:7137/api/Products - - - 200 - application/json;+charset=utf-8 9.4716ms
[2022-10-18 13:17:15.941 +06:00  INF]  User profile is available. Using 'C:\Users\User\AppData\Local\ASP.NET\DataProtection-Keys' as key repository and Windows DPAPI to encrypt keys at rest.
[2022-10-18 13:17:17.689 +06:00  INF]  Entity Framework Core 6.0.10 initialized 'UserDbContext' using provider 'Microsoft.EntityFrameworkCore.SqlServer:6.0.1' with options: None
[2022-10-18 13:17:20.618 +06:00  INF]  Executed DbCommand (197ms) [Parameters=[@__normalizedUserName_0='?' (Size = 256)], CommandType='"Text"', CommandTimeout='30']
SELECT TOP(1) [a].[Id], [a].[AccessFailedCount], [a].[ConcurrencyStamp], [a].[Email], [a].[EmailConfirmed], [a].[LockoutEnabled], [a].[LockoutEnd], [a].[NormalizedEmail], [a].[NormalizedUserName], [a].[PasswordHash], [a].[PhoneNumber], [a].[PhoneNumberConfirmed], [a].[SecurityStamp], [a].[TwoFactorEnabled], [a].[UserName]
FROM [AspNetUsers] AS [a]
WHERE [a].[NormalizedUserName] = @__normalizedUserName_0
[2022-10-18 13:17:21.504 +06:00  INF]  Now listening on: https://localhost:7137
[2022-10-18 13:17:21.504 +06:00  INF]  Now listening on: http://localhost:5137
[2022-10-18 13:17:21.504 +06:00  INF]  Application started. Press Ctrl+C to shut down.
[2022-10-18 13:17:21.505 +06:00  INF]  Hosting environment: Development
[2022-10-18 13:17:21.505 +06:00  INF]  Content root path: D:\Ecommerce\Ecommerce\Ecommerce.API\
[2022-10-18 13:17:23.547 +06:00  INF]  Request starting HTTP/2 GET https://localhost:7137/swagger/index.html - -
[2022-10-18 13:17:24.296 +06:00  INF]  Request starting HTTP/2 GET https://localhost:7137/_framework/aspnetcore-browser-refresh.js - -
[2022-10-18 13:17:24.312 +06:00  INF]  Request finished HTTP/2 GET https://localhost:7137/_framework/aspnetcore-browser-refresh.js - - - 200 11996 application/javascript;+charset=utf-8 13.4697ms
[2022-10-18 13:17:24.337 +06:00  INF]  Request finished HTTP/2 GET https://localhost:7137/swagger/index.html - - - 200 - text/html;charset=utf-8 801.7700ms
[2022-10-18 13:17:26.978 +06:00  INF]  Request starting HTTP/2 GET https://localhost:7137/swagger/v1/swagger.json - -
[2022-10-18 13:17:27.182 +06:00  INF]  Request finished HTTP/2 GET https://localhost:7137/swagger/v1/swagger.json - - - 200 - application/json;charset=utf-8 203.6379ms
[2022-10-18 13:17:38.467 +06:00  INF]  Request starting HTTP/2 GET https://localhost:7137/api/Products/2 - -
[2022-10-18 13:17:39.208 +06:00  INF]  Executing endpoint 'Ecommerce.API.Controllers.ProductsController.Get (Ecommerce.API)'
[2022-10-18 13:17:39.253 +06:00  INF]  Route matched with {action = "Get", controller = "Products"}. Executing controller action with signature System.Threading.Tasks.Task`1[Ecommerce.ServiceLayer.Model.Product] Get(Int32) on controller Ecommerce.API.Controllers.ProductsController (Ecommerce.API).
[2022-10-18 13:17:39.360 +06:00  INF]  Executing ObjectResult, writing value of type 'Ecommerce.ServiceLayer.Model.Product'.
[2022-10-18 13:17:39.389 +06:00  INF]  Executed action Ecommerce.API.Controllers.ProductsController.Get (Ecommerce.API) in 126.0549ms
[2022-10-18 13:17:39.390 +06:00  INF]  Executed endpoint 'Ecommerce.API.Controllers.ProductsController.Get (Ecommerce.API)'
[2022-10-18 13:17:39.390 +06:00  INF]  Request finished HTTP/2 GET https://localhost:7137/api/Products/2 - - - 200 - application/json;+charset=utf-8 923.1761ms
[2022-10-18 13:17:55.545 +06:00  INF]  Request starting HTTP/2 GET https://localhost:7137/api/Products - -
[2022-10-18 13:17:55.547 +06:00  INF]  Executing endpoint 'Ecommerce.API.Controllers.ProductsController.Get (Ecommerce.API)'
[2022-10-18 13:17:55.553 +06:00  INF]  Route matched with {action = "Get", controller = "Products"}. Executing controller action with signature System.Threading.Tasks.Task`1[System.Collections.Generic.List`1[Ecommerce.ServiceLayer.Model.Product]] Get() on controller Ecommerce.API.Controllers.ProductsController (Ecommerce.API).
[2022-10-18 13:17:55.554 +06:00  INF]  Executing ObjectResult, writing value of type 'System.Collections.Generic.List`1[[Ecommerce.ServiceLayer.Model.Product, Ecommerce.ServiceLayer, Version=1.0.0.0, Culture=neutral, PublicKeyToken=null]]'.
[2022-10-18 13:17:55.555 +06:00  INF]  Executed action Ecommerce.API.Controllers.ProductsController.Get (Ecommerce.API) in 2.0913ms
[2022-10-18 13:17:55.555 +06:00  INF]  Executed endpoint 'Ecommerce.API.Controllers.ProductsController.Get (Ecommerce.API)'
[2022-10-18 13:17:55.555 +06:00  INF]  Request finished HTTP/2 GET https://localhost:7137/api/Products - - - 200 - application/json;+charset=utf-8 9.7938ms
[2022-10-18 14:18:06.896 +06:00  INF]  User profile is available. Using 'C:\Users\User\AppData\Local\ASP.NET\DataProtection-Keys' as key repository and Windows DPAPI to encrypt keys at rest.
[2022-10-18 14:18:09.709 +06:00  INF]  Entity Framework Core 6.0.10 initialized 'UserDbContext' using provider 'Microsoft.EntityFrameworkCore.SqlServer:6.0.1' with options: None
[2022-10-18 14:18:16.984 +06:00  INF]  Executed DbCommand (352ms) [Parameters=[@__normalizedUserName_0='?' (Size = 256)], CommandType='"Text"', CommandTimeout='30']
SELECT TOP(1) [a].[Id], [a].[AccessFailedCount], [a].[ConcurrencyStamp], [a].[Email], [a].[EmailConfirmed], [a].[LockoutEnabled], [a].[LockoutEnd], [a].[NormalizedEmail], [a].[NormalizedUserName], [a].[PasswordHash], [a].[PhoneNumber], [a].[PhoneNumberConfirmed], [a].[SecurityStamp], [a].[TwoFactorEnabled], [a].[UserName]
FROM [AspNetUsers] AS [a]
WHERE [a].[NormalizedUserName] = @__normalizedUserName_0
[2022-10-18 14:18:19.021 +06:00  INF]  Now listening on: https://localhost:7137
[2022-10-18 14:18:19.021 +06:00  INF]  Now listening on: http://localhost:5137
[2022-10-18 14:18:19.024 +06:00  INF]  Application started. Press Ctrl+C to shut down.
[2022-10-18 14:18:19.024 +06:00  INF]  Hosting environment: Development
[2022-10-18 14:18:19.024 +06:00  INF]  Content root path: D:\Ecommerce\Ecommerce\Ecommerce.API\
[2022-10-18 14:18:21.570 +06:00  INF]  Request starting HTTP/2 GET https://localhost:7137/swagger/index.html - -
[2022-10-18 14:18:22.836 +06:00  INF]  Request starting HTTP/2 GET https://localhost:7137/_framework/aspnetcore-browser-refresh.js - -
[2022-10-18 14:18:22.858 +06:00  INF]  Request finished HTTP/2 GET https://localhost:7137/_framework/aspnetcore-browser-refresh.js - - - 200 11996 application/javascript;+charset=utf-8 16.9861ms
[2022-10-18 14:18:22.935 +06:00  INF]  Request finished HTTP/2 GET https://localhost:7137/swagger/index.html - - - 200 - text/html;charset=utf-8 1379.0054ms
[2022-10-18 14:18:24.187 +06:00  INF]  Request starting HTTP/2 GET https://localhost:7137/swagger/v1/swagger.json - -
[2022-10-18 14:18:24.577 +06:00  INF]  Request finished HTTP/2 GET https://localhost:7137/swagger/v1/swagger.json - - - 200 - application/json;charset=utf-8 390.0327ms
[2022-10-18 14:20:06.035 +06:00  INF]  Request starting HTTP/2 POST https://localhost:7137/api/Products application/json 110
[2022-10-18 14:20:06.082 +06:00  INF]  CORS policy execution successful.
[2022-10-18 14:20:06.344 +06:00  INF]  Executing endpoint 'Ecommerce.API.Controllers.ProductsController.Post (Ecommerce.API)'
[2022-10-18 14:20:06.435 +06:00  INF]  Route matched with {action = "Post", controller = "Products"}. Executing controller action with signature System.Threading.Tasks.Task`1[Ecommerce.ServiceLayer.Model.Product] Post(Ecommerce.ServiceLayer.Model.Product) on controller Ecommerce.API.Controllers.ProductsController (Ecommerce.API).
[2022-10-18 14:20:06.636 +06:00  INF]  Executing ObjectResult, writing value of type 'Ecommerce.ServiceLayer.Model.Product'.
[2022-10-18 14:20:06.659 +06:00  INF]  Executed action Ecommerce.API.Controllers.ProductsController.Post (Ecommerce.API) in 212.7102ms
[2022-10-18 14:20:06.662 +06:00  INF]  Executed endpoint 'Ecommerce.API.Controllers.ProductsController.Post (Ecommerce.API)'
[2022-10-18 14:20:06.662 +06:00  INF]  Request finished HTTP/2 POST https://localhost:7137/api/Products application/json 110 - 200 - application/json;+charset=utf-8 629.6980ms
[2022-10-18 14:20:20.656 +06:00  INF]  Request starting HTTP/2 GET https://localhost:7137/api/Products - -
[2022-10-18 14:20:20.663 +06:00  INF]  Executing endpoint 'Ecommerce.API.Controllers.ProductsController.Get (Ecommerce.API)'
[2022-10-18 14:20:20.673 +06:00  INF]  Route matched with {action = "Get", controller = "Products"}. Executing controller action with signature System.Threading.Tasks.Task`1[System.Collections.Generic.List`1[Ecommerce.ServiceLayer.Model.Product]] Get() on controller Ecommerce.API.Controllers.ProductsController (Ecommerce.API).
[2022-10-18 14:20:20.681 +06:00  INF]  Executing ObjectResult, writing value of type 'System.Collections.Generic.List`1[[Ecommerce.ServiceLayer.Model.Product, Ecommerce.ServiceLayer, Version=1.0.0.0, Culture=neutral, PublicKeyToken=null]]'.
[2022-10-18 14:20:20.683 +06:00  INF]  Executed action Ecommerce.API.Controllers.ProductsController.Get (Ecommerce.API) in 9.481ms
[2022-10-18 14:20:20.683 +06:00  INF]  Executed endpoint 'Ecommerce.API.Controllers.ProductsController.Get (Ecommerce.API)'
[2022-10-18 14:20:20.684 +06:00  INF]  Request finished HTTP/2 GET https://localhost:7137/api/Products - - - 200 - application/json;+charset=utf-8 27.8623ms
[2022-10-18 14:20:50.898 +06:00  INF]  Request starting HTTP/2 POST https://localhost:7137/api/Products application/json 110
[2022-10-18 14:20:50.899 +06:00  INF]  CORS policy execution successful.
[2022-10-18 14:20:50.899 +06:00  INF]  Executing endpoint 'Ecommerce.API.Controllers.ProductsController.Post (Ecommerce.API)'
[2022-10-18 14:20:50.900 +06:00  INF]  Route matched with {action = "Post", controller = "Products"}. Executing controller action with signature System.Threading.Tasks.Task`1[Ecommerce.ServiceLayer.Model.Product] Post(Ecommerce.ServiceLayer.Model.Product) on controller Ecommerce.API.Controllers.ProductsController (Ecommerce.API).
[2022-10-18 14:21:50.260 +06:00  INF]  Executing ObjectResult, writing value of type 'Ecommerce.ServiceLayer.Model.Product'.
[2022-10-18 14:21:50.303 +06:00  INF]  Executed action Ecommerce.API.Controllers.ProductsController.Post (Ecommerce.API) in 59403.1357ms
[2022-10-18 14:21:50.303 +06:00  INF]  Executed endpoint 'Ecommerce.API.Controllers.ProductsController.Post (Ecommerce.API)'
[2022-10-18 14:21:50.303 +06:00  INF]  Request finished HTTP/2 POST https://localhost:7137/api/Products application/json 110 - 200 - application/json;+charset=utf-8 59405.2020ms
