[2022-10-17 22:43:04.883 +06:00  INF]  User profile is available. Using 'C:\Users\User\AppData\Local\ASP.NET\DataProtection-Keys' as key repository and Windows DPAPI to encrypt keys at rest.
[2022-10-17 22:43:06.734 +06:00  INF]  Entity Framework Core 6.0.10 initialized 'UserDbContext' using provider 'Microsoft.EntityFrameworkCore.SqlServer:6.0.1' with options: None
[2022-10-17 22:43:09.738 +06:00  INF]  Executed DbCommand (575ms) [Parameters=[@__normalizedUserName_0='?' (Size = 256)], CommandType='"Text"', CommandTimeout='30']
SELECT TOP(1) [a].[Id], [a].[AccessFailedCount], [a].[ConcurrencyStamp], [a].[Email], [a].[EmailConfirmed], [a].[LockoutEnabled], [a].[LockoutEnd], [a].[NormalizedEmail], [a].[NormalizedUserName], [a].[PasswordHash], [a].[PhoneNumber], [a].[PhoneNumberConfirmed], [a].[SecurityStamp], [a].[TwoFactorEnabled], [a].[UserName]
FROM [AspNetUsers] AS [a]
WHERE [a].[NormalizedUserName] = @__normalizedUserName_0
[2022-10-17 22:43:10.658 +06:00  INF]  Now listening on: https://localhost:7137
[2022-10-17 22:43:10.658 +06:00  INF]  Now listening on: http://localhost:5137
[2022-10-17 22:43:10.659 +06:00  INF]  Application started. Press Ctrl+C to shut down.
[2022-10-17 22:43:10.659 +06:00  INF]  Hosting environment: Development
[2022-10-17 22:43:10.659 +06:00  INF]  Content root path: D:\Ecommerce\Ecommerce\Ecommerce.API\
[2022-10-17 22:43:12.608 +06:00  INF]  Request starting HTTP/2 GET https://localhost:7137/swagger - -
[2022-10-17 22:43:12.837 +06:00  INF]  Request finished HTTP/2 GET https://localhost:7137/swagger - - - 301 0 - 234.8032ms
[2022-10-17 22:43:12.864 +06:00  INF]  Request starting HTTP/2 GET https://localhost:7137/swagger/index.html - -
[2022-10-17 22:43:13.346 +06:00  INF]  Request starting HTTP/2 GET https://localhost:7137/swagger/swagger-ui-bundle.js - -
[2022-10-17 22:43:13.346 +06:00  INF]  Request starting HTTP/2 GET https://localhost:7137/swagger/swagger-ui.css - -
[2022-10-17 22:43:13.348 +06:00  INF]  Request starting HTTP/2 GET https://localhost:7137/swagger/swagger-ui-standalone-preset.js - -
[2022-10-17 22:43:13.356 +06:00  INF]  Request finished HTTP/2 GET https://localhost:7137/swagger/index.html - - - 200 - text/html;charset=utf-8 491.2261ms
[2022-10-17 22:43:13.382 +06:00  INF]  Sending file. Request path: '/swagger-ui.css'. Physical path: 'N/A'
[2022-10-17 22:43:13.413 +06:00  INF]  Request finished HTTP/2 GET https://localhost:7137/swagger/swagger-ui.css - - - 200 143632 text/css 66.5837ms
[2022-10-17 22:43:13.419 +06:00  INF]  Sending file. Request path: '/swagger-ui-standalone-preset.js'. Physical path: 'N/A'
[2022-10-17 22:43:13.420 +06:00  INF]  Request finished HTTP/2 GET https://localhost:7137/swagger/swagger-ui-standalone-preset.js - - - 200 337162 application/javascript 72.1484ms
[2022-10-17 22:43:13.492 +06:00  INF]  Sending file. Request path: '/swagger-ui-bundle.js'. Physical path: 'N/A'
[2022-10-17 22:43:13.492 +06:00  INF]  Request finished HTTP/2 GET https://localhost:7137/swagger/swagger-ui-bundle.js - - - 200 1092889 application/javascript 146.4559ms
[2022-10-17 22:43:13.565 +06:00  INF]  Request starting HTTP/2 GET https://localhost:7137/_framework/aspnetcore-browser-refresh.js - -
[2022-10-17 22:43:13.573 +06:00  INF]  Request finished HTTP/2 GET https://localhost:7137/_framework/aspnetcore-browser-refresh.js - - - 200 11996 application/javascript;+charset=utf-8 7.9574ms
[2022-10-17 22:43:13.864 +06:00  INF]  Request starting HTTP/2 GET https://localhost:7137/swagger/favicon-32x32.png - -
[2022-10-17 22:43:13.865 +06:00  INF]  Sending file. Request path: '/favicon-32x32.png'. Physical path: 'N/A'
[2022-10-17 22:43:13.866 +06:00  INF]  Request finished HTTP/2 GET https://localhost:7137/swagger/favicon-32x32.png - - - 200 628 image/png 1.1011ms
[2022-10-17 22:43:14.188 +06:00  INF]  Request starting HTTP/2 GET https://localhost:7137/swagger/v1/swagger.json - -
[2022-10-17 22:43:14.476 +06:00  INF]  Request finished HTTP/2 GET https://localhost:7137/swagger/v1/swagger.json - - - 200 - application/json;charset=utf-8 288.2408ms
[2022-10-17 22:43:22.493 +06:00  INF]  Request starting HTTP/2 GET https://localhost:7137/WeatherForecast - -
[2022-10-17 22:43:23.453 +06:00  INF]  Executing endpoint 'Ecommerce.API.Controllers.WeatherForecastController.Get (Ecommerce.API)'
[2022-10-17 22:43:23.481 +06:00  INF]  Route matched with {action = "Get", controller = "WeatherForecast"}. Executing controller action with signature System.Collections.Generic.IEnumerable`1[Ecommerce.API.WeatherForecast] Get() on controller Ecommerce.API.Controllers.WeatherForecastController (Ecommerce.API).
[2022-10-17 22:43:23.498 +06:00  INF]  Executing ObjectResult, writing value of type 'Ecommerce.API.WeatherForecast[]'.
[2022-10-17 22:43:23.532 +06:00  INF]  Executed action Ecommerce.API.Controllers.WeatherForecastController.Get (Ecommerce.API) in 34.7725ms
[2022-10-17 22:43:23.535 +06:00  INF]  Executed endpoint 'Ecommerce.API.Controllers.WeatherForecastController.Get (Ecommerce.API)'
[2022-10-17 22:43:23.535 +06:00  INF]  Request finished HTTP/2 GET https://localhost:7137/WeatherForecast - - - 200 - application/json;+charset=utf-8 1042.7768ms
[2022-10-17 23:17:10.462 +06:00  INF]  User profile is available. Using 'C:\Users\User\AppData\Local\ASP.NET\DataProtection-Keys' as key repository and Windows DPAPI to encrypt keys at rest.
[2022-10-17 23:17:12.212 +06:00  INF]  Entity Framework Core 6.0.10 initialized 'UserDbContext' using provider 'Microsoft.EntityFrameworkCore.SqlServer:6.0.1' with options: None
[2022-10-17 23:17:15.789 +06:00  INF]  Executed DbCommand (1,225ms) [Parameters=[@__normalizedUserName_0='?' (Size = 256)], CommandType='"Text"', CommandTimeout='30']
SELECT TOP(1) [a].[Id], [a].[AccessFailedCount], [a].[ConcurrencyStamp], [a].[Email], [a].[EmailConfirmed], [a].[LockoutEnabled], [a].[LockoutEnd], [a].[NormalizedEmail], [a].[NormalizedUserName], [a].[PasswordHash], [a].[PhoneNumber], [a].[PhoneNumberConfirmed], [a].[SecurityStamp], [a].[TwoFactorEnabled], [a].[UserName]
FROM [AspNetUsers] AS [a]
WHERE [a].[NormalizedUserName] = @__normalizedUserName_0
[2022-10-17 23:17:16.839 +06:00  INF]  Now listening on: https://localhost:7137
[2022-10-17 23:17:16.839 +06:00  INF]  Now listening on: http://localhost:5137
[2022-10-17 23:17:16.839 +06:00  INF]  Application started. Press Ctrl+C to shut down.
[2022-10-17 23:17:16.839 +06:00  INF]  Hosting environment: Development
[2022-10-17 23:17:16.839 +06:00  INF]  Content root path: D:\Ecommerce\Ecommerce\Ecommerce.API\
[2022-10-17 23:17:18.527 +06:00  INF]  Request starting HTTP/2 GET https://localhost:7137/swagger/index.html - -
[2022-10-17 23:17:19.213 +06:00  INF]  Request starting HTTP/2 GET https://localhost:7137/_framework/aspnetcore-browser-refresh.js - -
[2022-10-17 23:17:19.229 +06:00  INF]  Request finished HTTP/2 GET https://localhost:7137/_framework/aspnetcore-browser-refresh.js - - - 200 11996 application/javascript;+charset=utf-8 13.6124ms
[2022-10-17 23:17:19.267 +06:00  INF]  Request finished HTTP/2 GET https://localhost:7137/swagger/index.html - - - 200 - text/html;charset=utf-8 748.9817ms
[2022-10-17 23:17:20.022 +06:00  INF]  Request starting HTTP/2 GET https://localhost:7137/swagger/v1/swagger.json - -
[2022-10-17 23:17:21.129 +06:00  INF]  Request finished HTTP/2 GET https://localhost:7137/swagger/v1/swagger.json - - - 200 - application/json;charset=utf-8 1107.8345ms
[2022-10-17 23:17:39.002 +06:00  INF]  Request starting HTTP/2 POST https://localhost:7137/api/LogIn/login application/json 50
[2022-10-17 23:17:39.014 +06:00  INF]  CORS policy execution successful.
[2022-10-17 23:17:39.157 +06:00  INF]  Executing endpoint 'Ecommerce.API.Controllers.LogInController.Login (Ecommerce.API)'
[2022-10-17 23:17:39.201 +06:00  INF]  Route matched with {action = "Login", controller = "LogIn"}. Executing controller action with signature System.Threading.Tasks.Task`1[Microsoft.AspNetCore.Mvc.IActionResult] Login(Ecommerce.API.Models.LoginModel) on controller Ecommerce.API.Controllers.LogInController (Ecommerce.API).
[2022-10-17 23:17:39.218 +06:00  INF]  Executed action Ecommerce.API.Controllers.LogInController.Login (Ecommerce.API) in 6.631ms
[2022-10-17 23:17:39.223 +06:00  INF]  Executed endpoint 'Ecommerce.API.Controllers.LogInController.Login (Ecommerce.API)'
[2022-10-17 23:17:39.226 +06:00  ERR]  An unhandled exception has occurred while executing the request.
System.InvalidOperationException: Unable to resolve service for type 'Ecommerce.API.Service.IApplicationUserService' while attempting to activate 'Ecommerce.API.Controllers.LogInController'.
   at Microsoft.Extensions.DependencyInjection.ActivatorUtilities.GetService(IServiceProvider sp, Type type, Type requiredBy, Boolean isDefaultParameterRequired)
   at lambda_method541(Closure , IServiceProvider , Object[] )
   at Microsoft.AspNetCore.Mvc.Controllers.ControllerActivatorProvider.<>c__DisplayClass7_0.<CreateActivator>b__0(ControllerContext controllerContext)
   at Microsoft.AspNetCore.Mvc.Controllers.ControllerFactoryProvider.<>c__DisplayClass6_0.<CreateControllerFactory>g__CreateController|0(ControllerContext controllerContext)
   at Microsoft.AspNetCore.Mvc.Infrastructure.ControllerActionInvoker.Next(State& next, Scope& scope, Object& state, Boolean& isCompleted)
   at Microsoft.AspNetCore.Mvc.Infrastructure.ControllerActionInvoker.InvokeInnerFilterAsync()
--- End of stack trace from previous location ---
   at Microsoft.AspNetCore.Mvc.Infrastructure.ResourceInvoker.<InvokeFilterPipelineAsync>g__Awaited|20_0(ResourceInvoker invoker, Task lastTask, State next, Scope scope, Object state, Boolean isCompleted)
   at Microsoft.AspNetCore.Mvc.Infrastructure.ResourceInvoker.<InvokeAsync>g__Logged|17_1(ResourceInvoker invoker)
   at Microsoft.AspNetCore.Mvc.Infrastructure.ResourceInvoker.<InvokeAsync>g__Logged|17_1(ResourceInvoker invoker)
   at Microsoft.AspNetCore.Routing.EndpointMiddleware.<Invoke>g__AwaitRequestTask|6_0(Endpoint endpoint, Task requestTask, ILogger logger)
   at Microsoft.AspNetCore.Authorization.AuthorizationMiddleware.Invoke(HttpContext context)
   at Microsoft.AspNetCore.Authentication.AuthenticationMiddleware.Invoke(HttpContext context)
   at Swashbuckle.AspNetCore.SwaggerUI.SwaggerUIMiddleware.Invoke(HttpContext httpContext)
   at Swashbuckle.AspNetCore.Swagger.SwaggerMiddleware.Invoke(HttpContext httpContext, ISwaggerProvider swaggerProvider)
   at Microsoft.AspNetCore.Diagnostics.DeveloperExceptionPageMiddleware.Invoke(HttpContext context)
[2022-10-17 23:17:39.343 +06:00  INF]  Request finished HTTP/2 POST https://localhost:7137/api/LogIn/login application/json 50 - 500 - text/plain;+charset=utf-8 340.8382ms
[2022-10-17 23:19:37.012 +06:00  INF]  User profile is available. Using 'C:\Users\User\AppData\Local\ASP.NET\DataProtection-Keys' as key repository and Windows DPAPI to encrypt keys at rest.
[2022-10-17 23:19:38.522 +06:00  INF]  Entity Framework Core 6.0.10 initialized 'UserDbContext' using provider 'Microsoft.EntityFrameworkCore.SqlServer:6.0.1' with options: None
[2022-10-17 23:19:40.478 +06:00  INF]  Executed DbCommand (209ms) [Parameters=[@__normalizedUserName_0='?' (Size = 256)], CommandType='"Text"', CommandTimeout='30']
SELECT TOP(1) [a].[Id], [a].[AccessFailedCount], [a].[ConcurrencyStamp], [a].[Email], [a].[EmailConfirmed], [a].[LockoutEnabled], [a].[LockoutEnd], [a].[NormalizedEmail], [a].[NormalizedUserName], [a].[PasswordHash], [a].[PhoneNumber], [a].[PhoneNumberConfirmed], [a].[SecurityStamp], [a].[TwoFactorEnabled], [a].[UserName]
FROM [AspNetUsers] AS [a]
WHERE [a].[NormalizedUserName] = @__normalizedUserName_0
[2022-10-17 23:19:41.496 +06:00  INF]  Now listening on: https://localhost:7137
[2022-10-17 23:19:41.496 +06:00  INF]  Now listening on: http://localhost:5137
[2022-10-17 23:19:41.497 +06:00  INF]  Application started. Press Ctrl+C to shut down.
[2022-10-17 23:19:41.497 +06:00  INF]  Hosting environment: Development
[2022-10-17 23:19:41.497 +06:00  INF]  Content root path: D:\Ecommerce\Ecommerce\Ecommerce.API\
[2022-10-17 23:19:43.831 +06:00  INF]  Request starting HTTP/2 GET https://localhost:7137/swagger/index.html - -
[2022-10-17 23:19:44.664 +06:00  INF]  Request starting HTTP/2 GET https://localhost:7137/_framework/aspnetcore-browser-refresh.js - -
[2022-10-17 23:19:44.684 +06:00  INF]  Request finished HTTP/2 GET https://localhost:7137/_framework/aspnetcore-browser-refresh.js - - - 200 11996 application/javascript;+charset=utf-8 18.3342ms
[2022-10-17 23:19:44.714 +06:00  INF]  Request finished HTTP/2 GET https://localhost:7137/swagger/index.html - - - 200 - text/html;charset=utf-8 892.6958ms
[2022-10-17 23:19:45.360 +06:00  INF]  Request starting HTTP/2 GET https://localhost:7137/swagger/v1/swagger.json - -
[2022-10-17 23:19:45.618 +06:00  INF]  Request finished HTTP/2 GET https://localhost:7137/swagger/v1/swagger.json - - - 200 - application/json;charset=utf-8 258.8460ms
[2022-10-17 23:29:36.049 +06:00  INF]  Entity Framework Core 6.0.10 initialized 'UserDbContext' using provider 'Microsoft.EntityFrameworkCore.SqlServer:6.0.1' with options: None
[2022-10-17 23:30:54.253 +06:00  INF]  Entity Framework Core 6.0.10 initialized 'UserDbContext' using provider 'Microsoft.EntityFrameworkCore.SqlServer:6.0.1' with options: None
[2022-10-17 23:30:54.910 +06:00  INF]  Executed DbCommand (32ms) [Parameters=[], CommandType='"Text"', CommandTimeout='30']
SELECT 1
[2022-10-17 23:30:54.964 +06:00  INF]  Executed DbCommand (33ms) [Parameters=[], CommandType='"Text"', CommandTimeout='30']
SELECT OBJECT_ID(N'[__EFMigrationsHistory]');
[2022-10-17 23:30:54.968 +06:00  INF]  Executed DbCommand (2ms) [Parameters=[], CommandType='"Text"', CommandTimeout='30']
SELECT 1
[2022-10-17 23:30:55.304 +06:00  INF]  Executed DbCommand (115ms) [Parameters=[], CommandType='"Text"', CommandTimeout='30']
CREATE TABLE [__EFMigrationsHistory] (
    [MigrationId] nvarchar(150) NOT NULL,
    [ProductVersion] nvarchar(32) NOT NULL,
    CONSTRAINT [PK___EFMigrationsHistory] PRIMARY KEY ([MigrationId])
);
[2022-10-17 23:30:55.308 +06:00  INF]  Executed DbCommand (1ms) [Parameters=[], CommandType='"Text"', CommandTimeout='30']
SELECT 1
[2022-10-17 23:30:55.312 +06:00  INF]  Executed DbCommand (4ms) [Parameters=[], CommandType='"Text"', CommandTimeout='30']
SELECT OBJECT_ID(N'[__EFMigrationsHistory]');
[2022-10-17 23:30:55.326 +06:00  INF]  Executed DbCommand (11ms) [Parameters=[], CommandType='"Text"', CommandTimeout='30']
SELECT [MigrationId], [ProductVersion]
FROM [__EFMigrationsHistory]
ORDER BY [MigrationId];
[2022-10-17 23:30:55.351 +06:00  INF]  Applying migration '20221017172936_UserTables'.
[2022-10-17 23:30:55.510 +06:00  ERR]  Failed executing DbCommand (60ms) [Parameters=[], CommandType='"Text"', CommandTimeout='30']
CREATE TABLE [AspNetRoles] (
    [Id] nvarchar(450) NOT NULL,
    [Name] nvarchar(256) NULL,
    [NormalizedName] nvarchar(256) NULL,
    [ConcurrencyStamp] nvarchar(max) NULL,
    CONSTRAINT [PK_AspNetRoles] PRIMARY KEY ([Id])
);
